2023-08-07 13:12:35,655 INFO o.a.j.u.JMeterUtils: Setting Locale to en_EN
2023-08-07 13:12:35,670 INFO o.a.j.JMeter: Loading user properties from: /opt/homebrew/Cellar/jmeter/5.6.2/libexec/bin/user.properties
2023-08-07 13:12:35,670 INFO o.a.j.JMeter: Loading system properties from: /opt/homebrew/Cellar/jmeter/5.6.2/libexec/bin/system.properties
2023-08-07 13:12:35,673 INFO o.a.j.JMeter: Copyright (c) 1998-2023 The Apache Software Foundation
2023-08-07 13:12:35,673 INFO o.a.j.JMeter: Version 5.6.2
2023-08-07 13:12:35,673 INFO o.a.j.JMeter: java.version=17.0.8
2023-08-07 13:12:35,673 INFO o.a.j.JMeter: java.vm.name=OpenJDK 64-Bit Server VM
2023-08-07 13:12:35,673 INFO o.a.j.JMeter: os.name=Mac OS X
2023-08-07 13:12:35,673 INFO o.a.j.JMeter: os.arch=aarch64
2023-08-07 13:12:35,673 INFO o.a.j.JMeter: os.version=13.4
2023-08-07 13:12:35,673 INFO o.a.j.JMeter: file.encoding=UTF-8
2023-08-07 13:12:35,674 INFO o.a.j.JMeter: java.awt.headless=null
2023-08-07 13:12:35,674 INFO o.a.j.JMeter: Max memory     =1073741824
2023-08-07 13:12:35,674 INFO o.a.j.JMeter: Available Processors =8
2023-08-07 13:12:35,678 INFO o.a.j.JMeter: Default Locale=English (EN)
2023-08-07 13:12:35,678 INFO o.a.j.JMeter: JMeter  Locale=English (EN)
2023-08-07 13:12:35,678 INFO o.a.j.JMeter: JMeterHome=/opt/homebrew/Cellar/jmeter/5.6.2/libexec
2023-08-07 13:12:35,678 INFO o.a.j.JMeter: user.dir  =/Users/fahidsami/Downloads/projects/soum/soum-github/soum-proto
2023-08-07 13:12:35,678 INFO o.a.j.JMeter: PWD       =/Users/fahidsami/Downloads/projects/soum/soum-github/soum-proto
2023-08-07 13:12:35,679 INFO o.a.j.JMeter: IP: 127.0.0.1 Name: Fahids-MacBook-Pro-2.local FullName: localhost
